----------------------------------------------------------------
        Layer (type)               Output Shape         Param #
================================================================
              Layer1      torch.Size([32, 105])         1742185
================================================================
Total params: 1,742,185
Trainable params: 1,742,185
Non-trainable params: 0
----------------------------------------------------------------
Input size (MB): 0.00
Forward/backward pass size (MB): 0.03
Params size (MB): 6.65
Estimated Total Size (MB): 6.67
----------------------------------------------------------------
Training the network...
    Epoch: 1/30, Train Loss: 0.4662
    Epoch: 1/30, Val Loss: 0.4129 

    Epoch: 2/30, Train Loss: 0.4546
    Epoch: 2/30, Val Loss: 0.4096 

    Epoch: 3/30, Train Loss: 0.4517
    Epoch: 3/30, Val Loss: 0.4094 

    Epoch: 4/30, Train Loss: 0.4506
    Epoch: 4/30, Val Loss: 0.4060 

    Epoch: 5/30, Train Loss: 0.4498
    Epoch: 5/30, Val Loss: 0.4056 

    Epoch: 6/30, Train Loss: 0.4486
    Epoch: 6/30, Val Loss: 0.4043 

    Epoch: 7/30, Train Loss: 0.4479
    Epoch: 7/30, Val Loss: 0.4052 

    Epoch: 8/30, Train Loss: 0.4474
    Epoch: 8/30, Val Loss: 0.4067 

    Epoch: 9/30, Train Loss: 0.4468
    Epoch: 9/30, Val Loss: 0.4054 

    Epoch: 10/30, Train Loss: 0.4465
    Epoch: 10/30, Val Loss: 0.4039 

    Epoch: 11/30, Train Loss: 0.4458
    Epoch: 11/30, Val Loss: 0.4062 

    Epoch: 12/30, Train Loss: 0.4455
    Epoch: 12/30, Val Loss: 0.4040 

    Epoch: 13/30, Train Loss: 0.4445
    Epoch: 13/30, Val Loss: 0.4041 

    Epoch: 14/30, Train Loss: 0.4447
    Epoch: 14/30, Val Loss: 0.4032 

    Epoch: 15/30, Train Loss: 0.4447
    Epoch: 15/30, Val Loss: 0.4035 

    Epoch: 16/30, Train Loss: 0.4448
    Epoch: 16/30, Val Loss: 0.4022 

    Epoch: 17/30, Train Loss: 0.4437
    Epoch: 17/30, Val Loss: 0.4021 

    Epoch: 18/30, Train Loss: 0.4434
    Epoch: 18/30, Val Loss: 0.4019 

    Epoch: 19/30, Train Loss: 0.4430
    Epoch: 19/30, Val Loss: 0.4010 

    Epoch: 20/30, Train Loss: 0.4433
    Epoch: 20/30, Val Loss: 0.4009 

    Epoch: 21/30, Train Loss: 0.4427
    Epoch: 21/30, Val Loss: 0.4008 

    Epoch: 22/30, Train Loss: 0.4419
    Epoch: 22/30, Val Loss: 0.4010 

    Epoch: 23/30, Train Loss: 0.4423
    Epoch: 23/30, Val Loss: 0.4021 

    Epoch: 24/30, Train Loss: 0.4426
    Epoch: 24/30, Val Loss: 0.4013 

    Epoch: 25/30, Train Loss: 0.4424
    Epoch: 25/30, Val Loss: 0.4011 

    Epoch: 26/30, Train Loss: 0.4429
    Epoch: 26/30, Val Loss: 0.4005 

    Epoch: 27/30, Train Loss: 0.4417
    Epoch: 27/30, Val Loss: 0.4024 

    Epoch: 28/30, Train Loss: 0.4414
    Epoch: 28/30, Val Loss: 0.4022 

    Epoch: 29/30, Train Loss: 0.4411
    Epoch: 29/30, Val Loss: 0.4015 

    Epoch: 30/30, Train Loss: 0.4423
    Epoch: 30/30, Val Loss: 0.3993 

Testing the network...
    Test Loss: 0.4035
torch.Size([56465, 105])
